<?xml version="1.0" encoding="UTF-8"?>
<!-- Generated by org.testng.reporters.JUnitReportReporter -->
<testsuite hostname="LAPTOP-370HHBT2" name="Test.TestNG_Demo2" tests="1" failures="0" timestamp="29 Jan 2020 15:17:18 GMT" time="3.937" errors="0">
  <testcase name="GoogleSearch2" time="3.937" classname="Test.TestNG_Demo2"/>
</testsuite> <!-- Test.TestNG_Demo2 -->
