<?xml version="1.0" encoding="UTF-8"?>
<!-- Generated by org.testng.reporters.JUnitReportReporter -->
<testsuite hostname="LAPTOP-370HHBT2" name="Test.TestNG_Demo" tests="1" failures="0" timestamp="25 Sep 2020 02:26:31 GMT" time="2.130" errors="0">
  <testcase name="GoogleSearch" time="2.130" classname="Test.TestNG_Demo"/>
</testsuite> <!-- Test.TestNG_Demo -->
