<?xml version="1.0" encoding="UTF-8"?>
<!-- Generated by org.testng.reporters.JUnitReportReporter -->
<testsuite hostname="LAPTOP-370HHBT2" name="Test.ExtentReport_TestNG" tests="1" failures="0" timestamp="29 Jan 2020 18:17:24 GMT" time="1.479" errors="0">
  <testcase name="test1" time="1.479" classname="Test.ExtentReport_TestNG"/>
</testsuite> <!-- Test.ExtentReport_TestNG -->
